c:\users\wfs\desktop\datastructure_algorithm\datastruct\datastruct\x64\debug\vc143.pdb
c:\users\wfs\desktop\datastructure_algorithm\datastruct\datastruct\x64\debug\vc143.idb
c:\users\wfs\desktop\datastructure_algorithm\datastruct\datastruct\x64\debug\sequence_list.obj
c:\users\wfs\desktop\datastructure_algorithm\datastruct\datastruct\x64\debug\main.obj
c:\users\wfs\desktop\datastructure_algorithm\datastruct\datastruct\x64\debug\linklist.obj
c:\users\wfs\desktop\datastructure_algorithm\datastruct\datastruct\x64\debug\stack.obj
c:\users\wfs\desktop\datastructure_algorithm\datastruct\datastruct\x64\debug\queue.obj
c:\users\wfs\desktop\datastructure_algorithm\datastruct\datastruct\x64\debug\class_queue.obj
c:\users\wfs\desktop\datastructure_algorithm\datastruct\datastruct\x64\debug\class.obj
c:\users\wfs\desktop\datastructure_algorithm\datastruct\x64\debug\datastruct.pdb
c:\users\wfs\desktop\datastructure_algorithm\datastruct\datastruct\x64\debug\datastruct.tlog\cl.command.1.tlog
c:\users\wfs\desktop\datastructure_algorithm\datastruct\datastruct\x64\debug\datastruct.tlog\cl.read.1.tlog
c:\users\wfs\desktop\datastructure_algorithm\datastruct\datastruct\x64\debug\datastruct.tlog\cl.write.1.tlog
c:\users\wfs\desktop\datastructure_algorithm\datastruct\datastruct\x64\debug\datastruct.tlog\link-cvtres.read.1.tlog
c:\users\wfs\desktop\datastructure_algorithm\datastruct\datastruct\x64\debug\datastruct.tlog\link-cvtres.write.1.tlog
c:\users\wfs\desktop\datastructure_algorithm\datastruct\datastruct\x64\debug\datastruct.tlog\link-rc.read.1.tlog
c:\users\wfs\desktop\datastructure_algorithm\datastruct\datastruct\x64\debug\datastruct.tlog\link-rc.write.1.tlog
c:\users\wfs\desktop\datastructure_algorithm\datastruct\datastruct\x64\debug\datastruct.tlog\link.25364-cvtres.read.1.tlog
c:\users\wfs\desktop\datastructure_algorithm\datastruct\datastruct\x64\debug\datastruct.tlog\link.25364-cvtres.write.1.tlog
c:\users\wfs\desktop\datastructure_algorithm\datastruct\datastruct\x64\debug\datastruct.tlog\link.25364-rc.read.1.tlog
c:\users\wfs\desktop\datastructure_algorithm\datastruct\datastruct\x64\debug\datastruct.tlog\link.25364-rc.write.1.tlog
c:\users\wfs\desktop\datastructure_algorithm\datastruct\datastruct\x64\debug\datastruct.tlog\link.25364.read.1.tlog
c:\users\wfs\desktop\datastructure_algorithm\datastruct\datastruct\x64\debug\datastruct.tlog\link.25364.read.2.tlog
c:\users\wfs\desktop\datastructure_algorithm\datastruct\datastruct\x64\debug\datastruct.tlog\link.25364.write.1.tlog
c:\users\wfs\desktop\datastructure_algorithm\datastruct\datastruct\x64\debug\datastruct.tlog\link.command.1.tlog
c:\users\wfs\desktop\datastructure_algorithm\datastruct\datastruct\x64\debug\datastruct.tlog\link.read.1.tlog
c:\users\wfs\desktop\datastructure_algorithm\datastruct\datastruct\x64\debug\datastruct.tlog\link.read.2.tlog
c:\users\wfs\desktop\datastructure_algorithm\datastruct\datastruct\x64\debug\datastruct.tlog\link.write.1.tlog
